-------------------------------------------------------------------------------
Test set: TestSuite
-------------------------------------------------------------------------------
Tests run: 1, Failures: 1, Errors: 0, Skipped: 0, Time elapsed: 19.687 s <<< FAILURE! - in TestSuite
verifyDifferentAddressForDifferentProduct(test.com.cs.test.tests.PurchaseTest)  Time elapsed: 0.015 s  <<< FAILURE!
java.lang.NullPointerException
	at test.com.cs.test.tests.PurchaseTest.verifyDifferentAddressForDifferentProduct(PurchaseTest.java:61)

